# JRE version: Java(TM) SE Runtime Environment (16.0.2+7) (build 16.0.2+7-67)
# Java VM: Java HotSpot(TM) 64-Bit Server VM (16.0.2+7-67, mixed mode, sharing, tiered, compressed oops, compressed class ptrs, g1 gc, windows-amd64)
GC Precious Log:
 CPUs: 4 total, 4 available
 Memory: 16276M
 Large Page Support: Disabled
 NUMA Support: Disabled
 Compressed Oops: Enabled (Zero based)
 Heap Region Size: 2M
 Heap Min Capacity: 8M
 Heap Initial Capacity: 256M
 Heap Max Capacity: 4070M
 Pre-touch: Disabled
 Parallel Workers: 4
 Concurrent Workers: 1
 Concurrent Refinement Workers: 4
 Periodic GC: Disabled
Heap:
 garbage-first heap   total 55296K, used 28459K [0x0000000701a00000, 0x0000000800000000)
  region size 2048K, 2 young (4096K), 2 survivors (4096K)
 Metaspace       used 43213K, committed 43584K, reserved 1089536K
  class space    used 5809K, committed 6016K, reserved 1048576K
GC Heap History (20 events):
Event: 0.423 GC heap after
{Heap after GC invocations=1 (full 0):
 garbage-first heap   total 262144K, used 5744K [0x0000000701a00000, 0x0000000800000000)
  region size 2048K, 1 young (2048K), 1 survivors (2048K)
 Metaspace       used 1828K, committed 1984K, reserved 1056768K
  class space    used 194K, committed 256K, reserved 1048576K
}
Event: 0.762 GC heap before
{Heap before GC invocations=1 (full 0):
 garbage-first heap   total 262144K, used 13936K [0x0000000701a00000, 0x0000000800000000)
  region size 2048K, 6 young (12288K), 1 survivors (2048K)
 Metaspace       used 5389K, committed 5568K, reserved 1056768K
  class space    used 619K, committed 704K, reserved 1048576K
}
Event: 0.765 GC heap after
{Heap after GC invocations=2 (full 0):
 garbage-first heap   total 262144K, used 7406K [0x0000000701a00000, 0x0000000800000000)
  region size 2048K, 1 young (2048K), 1 survivors (2048K)
 Metaspace       used 5389K, committed 5568K, reserved 1056768K
  class space    used 619K, committed 704K, reserved 1048576K
}
Event: 1.166 GC heap before
{Heap before GC invocations=2 (full 0):
 garbage-first heap   total 262144K, used 27886K [0x0000000701a00000, 0x0000000800000000)
  region size 2048K, 11 young (22528K), 1 survivors (2048K)
 Metaspace       used 9936K, committed 10176K, reserved 1064960K
  class space    used 1255K, committed 1344K, reserved 1048576K
}
Event: 1.169 GC heap after
{Heap after GC invocations=3 (full 0):
 garbage-first heap   total 262144K, used 9071K [0x0000000701a00000, 0x0000000800000000)
  region size 2048K, 2 young (4096K), 2 survivors (4096K)
 Metaspace       used 9936K, committed 10176K, reserved 1064960K
  class space    used 1255K, committed 1344K, reserved 1048576K
}
Event: 2.104 GC heap before
{Heap before GC invocations=3 (full 0):
 garbage-first heap   total 262144K, used 80751K [0x0000000701a00000, 0x0000000800000000)
  region size 2048K, 38 young (77824K), 2 survivors (4096K)
 Metaspace       used 20997K, committed 21248K, reserved 1073152K
  class space    used 2742K, committed 2880K, reserved 1048576K
}
Event: 2.110 GC heap after
{Heap after GC invocations=4 (full 0):
 garbage-first heap   total 262144K, used 12166K [0x0000000701a00000, 0x0000000800000000)
  region size 2048K, 4 young (8192K), 4 survivors (8192K)
 Metaspace       used 20997K, committed 21248K, reserved 1073152K
  class space    used 2742K, committed 2880K, reserved 1048576K
}
Event: 2.546 GC heap before
{Heap before GC invocations=5 (full 0):
 garbage-first heap   total 55296K, used 36742K [0x0000000701a00000, 0x0000000800000000)
  region size 2048K, 16 young (32768K), 4 survivors (8192K)
 Metaspace       used 24548K, committed 24832K, reserved 1073152K
  class space    used 3266K, committed 3392K, reserved 1048576K
}
Event: 2.553 GC heap after
{Heap after GC invocations=6 (full 0):
 garbage-first heap   total 55296K, used 14031K [0x0000000701a00000, 0x0000000800000000)
  region size 2048K, 2 young (4096K), 2 survivors (4096K)
 Metaspace       used 24548K, committed 24832K, reserved 1073152K
  class space    used 3266K, committed 3392K, reserved 1048576K
}
Event: 2.905 GC heap before
{Heap before GC invocations=6 (full 0):
 garbage-first heap   total 55296K, used 36559K [0x0000000701a00000, 0x0000000800000000)
  region size 2048K, 13 young (26624K), 2 survivors (4096K)
 Metaspace       used 29249K, committed 29504K, reserved 1081344K
  class space    used 3907K, committed 4032K, reserved 1048576K
}
Event: 2.908 GC heap after
{Heap after GC invocations=7 (full 0):
 garbage-first heap   total 55296K, used 15479K [0x0000000701a00000, 0x0000000800000000)
  region size 2048K, 2 young (4096K), 2 survivors (4096K)
 Metaspace       used 29249K, committed 29504K, reserved 1081344K
  class space    used 3907K, committed 4032K, reserved 1048576K
}
Event: 3.305 GC heap before
{Heap before GC invocations=7 (full 0):
 garbage-first heap   total 55296K, used 38007K [0x0000000701a00000, 0x0000000800000000)
  region size 2048K, 13 young (26624K), 2 survivors (4096K)
 Metaspace       used 34845K, committed 35136K, reserved 1081344K
  class space    used 4601K, committed 4736K, reserved 1048576K
}
Event: 3.310 GC heap after
{Heap after GC invocations=8 (full 0):
 garbage-first heap   total 55296K, used 17293K [0x0000000701a00000, 0x0000000800000000)
  region size 2048K, 2 young (4096K), 2 survivors (4096K)
 Metaspace       used 34845K, committed 35136K, reserved 1081344K
  class space    used 4601K, committed 4736K, reserved 1048576K
}
Event: 3.336 GC heap before
{Heap before GC invocations=8 (full 0):
 garbage-first heap   total 55296K, used 17293K [0x0000000701a00000, 0x0000000800000000)
  region size 2048K, 3 young (6144K), 2 survivors (4096K)
 Metaspace       used 35216K, committed 35520K, reserved 1081344K
  class space    used 4647K, committed 4800K, reserved 1048576K
}
Event: 3.339 GC heap after
{Heap after GC invocations=9 (full 0):
 garbage-first heap   total 55296K, used 17699K [0x0000000701a00000, 0x0000000800000000)
  region size 2048K, 2 young (4096K), 2 survivors (4096K)
 Metaspace       used 35216K, committed 35520K, reserved 1081344K
  class space    used 4647K, committed 4800K, reserved 1048576K
}
Event: 4.271 GC heap before
{Heap before GC invocations=10 (full 0):
 garbage-first heap   total 55296K, used 44323K [0x0000000701a00000, 0x0000000800000000)
  region size 2048K, 12 young (24576K), 2 survivors (4096K)
 Metaspace       used 38579K, committed 38912K, reserved 1089536K
  class space    used 5140K, committed 5312K, reserved 1048576K
}
Event: 4.274 GC heap after
{Heap after GC invocations=11 (full 0):
 garbage-first heap   total 55296K, used 24970K [0x0000000701a00000, 0x0000000800000000)
  region size 2048K, 2 young (4096K), 2 survivors (4096K)
 Metaspace       used 38579K, committed 38912K, reserved 1089536K
  class space    used 5140K, committed 5312K, reserved 1048576K
}
Event: 4.566 GC heap before
{Heap before GC invocations=11 (full 0):
 garbage-first heap   total 55296K, used 41354K [0x0000000701a00000, 0x0000000800000000)
  region size 2048K, 10 young (20480K), 2 survivors (4096K)
 Metaspace       used 40725K, committed 41088K, reserved 1089536K
  class space    used 5449K, committed 5632K, reserved 1048576K
}
Event: 4.569 GC heap after
{Heap after GC invocations=12 (full 0):
 garbage-first heap   total 55296K, used 26562K [0x0000000701a00000, 0x0000000800000000)
  region size 2048K, 2 young (4096K), 2 survivors (4096K)
 Metaspace       used 40725K, committed 41088K, reserved 1089536K
  class space    used 5449K, committed 5632K, reserved 1048576K
}
Event: 15.320 GC heap before
{Heap before GC invocations=12 (full 0):
 garbage-first heap   total 55296K, used 38850K [0x0000000701a00000, 0x0000000800000000)
  region size 2048K, 9 young (18432K), 2 survivors (4096K)
 Metaspace       used 43213K, committed 43584K, reserved 1089536K
  class space    used 5809K, committed 6016K, reserved 1048576K
}

